C:\RTEXAMPLES\EECE314\ASSIGNMENT1_ELEVATORS\ASSIGNMENT1_ELEVATORS\DEBUG\ASSIGNMENT1_ELEVATORS.EXE.EMBED.MANIFEST
C:\RTEXAMPLES\EECE314\ASSIGNMENT1_ELEVATORS\ASSIGNMENT1_ELEVATORS\DEBUG\ASSIGNMENT1_ELEVATORS.EXE.EMBED.MANIFEST.RES
C:\RTEXAMPLES\EECE314\ASSIGNMENT1_ELEVATORS\ASSIGNMENT1_ELEVATORS\DEBUG\ASSIGNMENT1_ELEVATORS.EXE.INTERMEDIATE.MANIFEST
C:\RTEXAMPLES\EECE314\ASSIGNMENT1_ELEVATORS\ASSIGNMENT1_ELEVATORS\DEBUG\DISPATCHER.OBJ
C:\RTEXAMPLES\EECE314\ASSIGNMENT1_ELEVATORS\ASSIGNMENT1_ELEVATORS\DEBUG\ELEVATOR.OBJ
C:\RTEXAMPLES\EECE314\ASSIGNMENT1_ELEVATORS\ASSIGNMENT1_ELEVATORS\DEBUG\IOPROGRAM.OBJ
C:\RTEXAMPLES\EECE314\ASSIGNMENT1_ELEVATORS\ASSIGNMENT1_ELEVATORS\DEBUG\MAIN.OBJ
C:\RTEXAMPLES\EECE314\ASSIGNMENT1_ELEVATORS\ASSIGNMENT1_ELEVATORS\DEBUG\RT.OBJ
C:\RTEXAMPLES\EECE314\ASSIGNMENT1_ELEVATORS\ASSIGNMENT1_ELEVATORS\DEBUG\VC100.PDB
C:\RTEXAMPLES\EECE314\ASSIGNMENT1_ELEVATORS\DEBUG\ASSIGNMENT1_ELEVATORS.EXE
C:\RTEXAMPLES\EECE314\ASSIGNMENT1_ELEVATORS\DEBUG\ASSIGNMENT1_ELEVATORS.ILK
C:\RTEXAMPLES\EECE314\ASSIGNMENT1_ELEVATORS\DEBUG\ASSIGNMENT1_ELEVATORS.PDB
Z:\RTEXAMPLES\EECE314\ASSIGNMENT1_ELEVATORS\ASSIGNMENT1_ELEVATORS\DEBUG\ASSIGNMENT1_ELEVATORS.EXE.EMBED.MANIFEST
Z:\RTEXAMPLES\EECE314\ASSIGNMENT1_ELEVATORS\ASSIGNMENT1_ELEVATORS\DEBUG\ASSIGNMENT1_ELEVATORS.EXE.EMBED.MANIFEST.RES
Z:\RTEXAMPLES\EECE314\ASSIGNMENT1_ELEVATORS\ASSIGNMENT1_ELEVATORS\DEBUG\ASSIGNMENT1_ELEVATORS.EXE.INTERMEDIATE.MANIFEST
Z:\RTExamples\EECE314\Assignment1_Elevators\Assignment1_Elevators\Debug\Assignment1_Elevators.vcxprojResolveAssemblyReference.cache
Z:\RTExamples\EECE314\Assignment1_Elevators\Assignment1_Elevators\Debug\Assignment1_Elevators.write.1.tlog
Z:\RTExamples\EECE314\Assignment1_Elevators\Assignment1_Elevators\Debug\Assignment1_Elevators_manifest.rc
Z:\RTExamples\EECE314\Assignment1_Elevators\Assignment1_Elevators\Debug\cl.command.1.tlog
Z:\RTExamples\EECE314\Assignment1_Elevators\Assignment1_Elevators\Debug\CL.read.1.tlog
Z:\RTExamples\EECE314\Assignment1_Elevators\Assignment1_Elevators\Debug\CL.write.1.tlog
Z:\RTEXAMPLES\EECE314\ASSIGNMENT1_ELEVATORS\ASSIGNMENT1_ELEVATORS\DEBUG\DISPATCHER.OBJ
Z:\RTEXAMPLES\EECE314\ASSIGNMENT1_ELEVATORS\ASSIGNMENT1_ELEVATORS\DEBUG\ELEVATOR.OBJ
Z:\RTEXAMPLES\EECE314\ASSIGNMENT1_ELEVATORS\ASSIGNMENT1_ELEVATORS\DEBUG\IOPROGRAM.OBJ
Z:\RTExamples\EECE314\Assignment1_Elevators\Assignment1_Elevators\Debug\link.2932.read.1.tlog
Z:\RTExamples\EECE314\Assignment1_Elevators\Assignment1_Elevators\Debug\link.2932.write.1.tlog
Z:\RTExamples\EECE314\Assignment1_Elevators\Assignment1_Elevators\Debug\link.2932-cvtres.read.1.tlog
Z:\RTExamples\EECE314\Assignment1_Elevators\Assignment1_Elevators\Debug\link.2932-cvtres.write.1.tlog
Z:\RTExamples\EECE314\Assignment1_Elevators\Assignment1_Elevators\Debug\link.command.1.tlog
Z:\RTExamples\EECE314\Assignment1_Elevators\Assignment1_Elevators\Debug\link.read.1.tlog
Z:\RTExamples\EECE314\Assignment1_Elevators\Assignment1_Elevators\Debug\link.write.1.tlog
Z:\RTExamples\EECE314\Assignment1_Elevators\Assignment1_Elevators\Debug\link-cvtres.read.1.tlog
Z:\RTExamples\EECE314\Assignment1_Elevators\Assignment1_Elevators\Debug\link-cvtres.write.1.tlog
Z:\RTEXAMPLES\EECE314\ASSIGNMENT1_ELEVATORS\ASSIGNMENT1_ELEVATORS\DEBUG\MAIN.OBJ
Z:\RTExamples\EECE314\Assignment1_Elevators\Assignment1_Elevators\Debug\mt.command.1.tlog
Z:\RTExamples\EECE314\Assignment1_Elevators\Assignment1_Elevators\Debug\mt.read.1.tlog
Z:\RTExamples\EECE314\Assignment1_Elevators\Assignment1_Elevators\Debug\mt.write.1.tlog
Z:\RTExamples\EECE314\Assignment1_Elevators\Assignment1_Elevators\Debug\rc.command.1.tlog
Z:\RTExamples\EECE314\Assignment1_Elevators\Assignment1_Elevators\Debug\rc.read.1.tlog
Z:\RTExamples\EECE314\Assignment1_Elevators\Assignment1_Elevators\Debug\rc.write.1.tlog
Z:\RTEXAMPLES\EECE314\ASSIGNMENT1_ELEVATORS\ASSIGNMENT1_ELEVATORS\DEBUG\RT.OBJ
Z:\RTExamples\EECE314\Assignment1_Elevators\Assignment1_Elevators\Debug\vc100.idb
Z:\RTEXAMPLES\EECE314\ASSIGNMENT1_ELEVATORS\ASSIGNMENT1_ELEVATORS\DEBUG\VC100.PDB
Z:\RTEXAMPLES\EECE314\ASSIGNMENT1_ELEVATORS\DEBUG\ASSIGNMENT1_ELEVATORS.EXE
Z:\RTEXAMPLES\EECE314\ASSIGNMENT1_ELEVATORS\DEBUG\ASSIGNMENT1_ELEVATORS.ILK
Z:\RTEXAMPLES\EECE314\ASSIGNMENT1_ELEVATORS\DEBUG\ASSIGNMENT1_ELEVATORS.PDB
